09:54:47 **** Incremental Build of configuration Debug for project AVR_LAB ****
make all 
Building file: ../main.c
Invoking: AVR Compiler
avr-gcc -I"D:\iti\AVR\workspace\AVR_LAB\UTILITIES" -I"D:\iti\AVR\workspace\AVR_LAB\MCAL\INC" -I"D:\iti\AVR\workspace\AVR_LAB\MCAL\SRC" -Wall -g2 -gstabs -O0 -fpack-struct -fshort-enums -ffunction-sections -fdata-sections -std=gnu99 -funsigned-char -funsigned-bitfields -mmcu=atmega32 -DF_CPU=8000000UL -MMD -MP -MF"main.d" -MT"main.o" -c -o "main.o" "../main.c"
In file included from ../HAL/INC/LCD_driver.h:14,
                 from ../main.c:22:
d:/iti/c/imt_environment/imt_sdk_win_64/winavr/lib/gcc/../../avr/include/util/delay.h:90:3: warning: #warning "Compiler optimizations disabled; functions from <util/delay.h> won't work as designed"
Finished building: ../main.c
 
Building target: AVR_LAB.elf
Invoking: AVR C Linker
avr-gcc -Wl,-Map,AVR_LAB.map -mmcu=atmega32 -o "AVR_LAB.elf"  ./MCAL/SRC/ADC.o ./MCAL/SRC/DIO_config.o ./MCAL/SRC/DIO_driver.o ./MCAL/SRC/INT_program.o ./MCAL/SRC/SPI.o ./MCAL/SRC/TMR.o ./MCAL/SRC/UART_driver.o  ./HAL/SRC/BTN.o ./HAL/SRC/KPD.o ./HAL/SRC/LCD_config.o ./HAL/SRC/LCD_driver.o ./HAL/SRC/LED.o ./HAL/SRC/SVNSEG.o  ./APP/APP_Calc.o ./APP/APP_Story.o ./APP/APP_UnitTesting.o  ./main.o   
Finished building target: AVR_LAB.elf
 
Invoking: AVR Create Extended Listing
avr-objdump -h -S AVR_LAB.elf  >"AVR_LAB.lss"
Finished building: AVR_LAB.lss
 
Create Flash image (ihex format)
avr-objcopy -R .eeprom -R .fuse -R .lock -R .signature -O ihex AVR_LAB.elf  "AVR_LAB.hex"
Finished building: AVR_LAB.hex
 
Invoking: Print Size
avr-size --format=avr --mcu=atmega32 AVR_LAB.elf
AVR Memory Usage
----------------
Device: atmega32

Program:   32314 bytes (98.6% Full)
(.text + .data + .bootloader)

Data:       1068 bytes (52.1% Full)
(.data + .bss + .noinit)


Finished building: sizedummy
 
